2025-06-16 15:55:31,871 - INFO - Iniciando pipeline de dados...
2025-06-16 15:55:31,871 - INFO - 
Processando tabela: Empresas
2025-06-16 15:55:31,871 - INFO - Arquivos encontrados: 10
2025-06-16 15:55:31,871 - INFO - Unificando arquivos da tabela Empresas...
2025-06-16 15:55:31,871 - INFO - Processando Input/dados_parquet\Empresas0_EMPRECSV.parquet...
2025-06-16 15:55:33,442 - INFO - Arquivo Input/dados_parquet\Empresas0_EMPRECSV.parquet processado com sucesso. Linhas: 22293499
2025-06-16 15:55:33,442 - INFO - Processando Input/dados_parquet\Empresas1_EMPRECSV.parquet...
2025-06-16 15:55:33,991 - INFO - Arquivo Input/dados_parquet\Empresas1_EMPRECSV.parquet processado com sucesso. Linhas: 4494859
2025-06-16 15:55:33,991 - INFO - Processando Input/dados_parquet\Empresas2_EMPRECSV.parquet...
2025-06-16 15:55:34,555 - INFO - Arquivo Input/dados_parquet\Empresas2_EMPRECSV.parquet processado com sucesso. Linhas: 4494859
2025-06-16 15:55:34,555 - INFO - Processando Input/dados_parquet\Empresas3_EMPRECSV.parquet...
2025-06-16 15:55:35,085 - INFO - Arquivo Input/dados_parquet\Empresas3_EMPRECSV.parquet processado com sucesso. Linhas: 4494859
2025-06-16 15:55:35,085 - INFO - Processando Input/dados_parquet\Empresas4_EMPRECSV.parquet...
2025-06-16 15:55:35,753 - INFO - Arquivo Input/dados_parquet\Empresas4_EMPRECSV.parquet processado com sucesso. Linhas: 4494859
2025-06-16 15:55:35,753 - INFO - Processando Input/dados_parquet\Empresas5_EMPRECSV.parquet...
2025-06-16 15:55:36,408 - INFO - Arquivo Input/dados_parquet\Empresas5_EMPRECSV.parquet processado com sucesso. Linhas: 4494859
2025-06-16 15:55:36,409 - INFO - Processando Input/dados_parquet\Empresas6_EMPRECSV.parquet...
2025-06-16 15:55:36,953 - INFO - Arquivo Input/dados_parquet\Empresas6_EMPRECSV.parquet processado com sucesso. Linhas: 4494859
2025-06-16 15:55:36,953 - INFO - Processando Input/dados_parquet\Empresas7_EMPRECSV.parquet...
2025-06-16 15:55:37,783 - INFO - Arquivo Input/dados_parquet\Empresas7_EMPRECSV.parquet processado com sucesso. Linhas: 4494859
2025-06-16 15:55:37,785 - INFO - Processando Input/dados_parquet\Empresas8_EMPRECSV.parquet...
2025-06-16 15:55:38,364 - INFO - Arquivo Input/dados_parquet\Empresas8_EMPRECSV.parquet processado com sucesso. Linhas: 4494859
2025-06-16 15:55:38,364 - INFO - Processando Input/dados_parquet\Empresas9_EMPRECSV.parquet...
2025-06-16 15:55:42,389 - INFO - Arquivo Input/dados_parquet\Empresas9_EMPRECSV.parquet processado com sucesso. Linhas: 4494859
2025-06-16 15:55:42,389 - INFO - Total de linhas antes de remover duplicatas: 62747230
