2025-06-16 16:00:58,143 - INFO - Iniciando pipeline de dados...
2025-06-16 16:00:58,143 - INFO - 
Processando tabela: Empresas
2025-06-16 16:00:58,143 - INFO - Arquivos encontrados: 10
2025-06-16 16:00:58,143 - INFO - Unificando arquivos da tabela Empresas...
2025-06-16 16:00:58,143 - INFO - Processando Input/dados_parquet\Empresas0_EMPRECSV.parquet...
2025-06-16 16:01:02,610 - INFO - Arquivo Input/dados_parquet\Empresas0_EMPRECSV.parquet processado com sucesso. Linhas: 22293499
2025-06-16 16:01:02,624 - INFO - Processando Input/dados_parquet\Empresas1_EMPRECSV.parquet...
2025-06-16 16:01:03,602 - INFO - Arquivo Input/dados_parquet\Empresas1_EMPRECSV.parquet processado com sucesso. Linhas: 4494859
2025-06-16 16:01:03,602 - INFO - Processando Input/dados_parquet\Empresas2_EMPRECSV.parquet...
2025-06-16 16:01:04,495 - INFO - Arquivo Input/dados_parquet\Empresas2_EMPRECSV.parquet processado com sucesso. Linhas: 4494859
2025-06-16 16:01:04,495 - INFO - Processando Input/dados_parquet\Empresas3_EMPRECSV.parquet...
2025-06-16 16:01:05,483 - INFO - Arquivo Input/dados_parquet\Empresas3_EMPRECSV.parquet processado com sucesso. Linhas: 4494859
2025-06-16 16:01:05,483 - INFO - Processando Input/dados_parquet\Empresas4_EMPRECSV.parquet...
2025-06-16 16:01:06,455 - INFO - Arquivo Input/dados_parquet\Empresas4_EMPRECSV.parquet processado com sucesso. Linhas: 4494859
2025-06-16 16:01:06,470 - INFO - Processando Input/dados_parquet\Empresas5_EMPRECSV.parquet...
2025-06-16 16:01:07,587 - INFO - Arquivo Input/dados_parquet\Empresas5_EMPRECSV.parquet processado com sucesso. Linhas: 4494859
2025-06-16 16:01:07,603 - INFO - Processando Input/dados_parquet\Empresas6_EMPRECSV.parquet...
2025-06-16 16:01:08,833 - INFO - Arquivo Input/dados_parquet\Empresas6_EMPRECSV.parquet processado com sucesso. Linhas: 4494859
2025-06-16 16:01:08,833 - INFO - Processando Input/dados_parquet\Empresas7_EMPRECSV.parquet...
2025-06-16 16:01:10,115 - INFO - Arquivo Input/dados_parquet\Empresas7_EMPRECSV.parquet processado com sucesso. Linhas: 4494859
2025-06-16 16:01:10,115 - INFO - Processando Input/dados_parquet\Empresas8_EMPRECSV.parquet...
2025-06-16 16:01:11,985 - INFO - Arquivo Input/dados_parquet\Empresas8_EMPRECSV.parquet processado com sucesso. Linhas: 4494859
2025-06-16 16:01:11,985 - INFO - Processando Input/dados_parquet\Empresas9_EMPRECSV.parquet...
2025-06-16 16:01:13,383 - INFO - Arquivo Input/dados_parquet\Empresas9_EMPRECSV.parquet processado com sucesso. Linhas: 4494859
2025-06-16 16:01:13,482 - INFO - Total de linhas antes de remover duplicatas: 62747230
