2025-06-16 16:10:56,689 - INFO - Iniciando pipeline de dados...
2025-06-16 16:10:56,689 - INFO - 
==================================================
2025-06-16 16:10:56,689 - INFO - Iniciando processamento da tabela: Paises
2025-06-16 16:10:56,689 - INFO - Arquivos encontrados: 1
2025-06-16 16:10:56,689 - INFO - Unificando arquivos da tabela Paises...
2025-06-16 16:10:56,689 - INFO - Processando Input/dados_parquet\Paises_PAISCSV.parquet...
2025-06-16 16:10:56,786 - INFO - Arquivo Input/dados_parquet\Paises_PAISCSV.parquet processado com sucesso. Linhas: 254
2025-06-16 16:10:56,786 - INFO - Total de arquivos processados: 1
2025-06-16 16:10:56,787 - INFO - Total de linhas antes da concatenação: 254
2025-06-16 16:10:56,787 - INFO - Total de linhas após concatenação: 254
2025-06-16 16:10:56,787 - INFO - Removendo duplicatas da tabela Paises...
2025-06-16 16:10:56,798 - INFO - Total de linhas após remover duplicatas: 254
2025-06-16 16:10:56,817 - INFO - Arquivo unificado salvo em Output_parquet\paises_unificado.parquet
2025-06-16 16:10:56,818 - INFO - Tabela Paises processada com sucesso. Total de registros: 254
2025-06-16 16:10:56,818 - INFO - 
==================================================
2025-06-16 16:10:56,818 - INFO - Iniciando processamento da tabela: Municipios
2025-06-16 16:10:56,819 - INFO - Arquivos encontrados: 1
2025-06-16 16:10:56,819 - INFO - Unificando arquivos da tabela Municipios...
2025-06-16 16:10:56,819 - INFO - Processando Input/dados_parquet\Municipios_MUNICCSV.parquet...
2025-06-16 16:10:56,823 - INFO - Arquivo Input/dados_parquet\Municipios_MUNICCSV.parquet processado com sucesso. Linhas: 5571
2025-06-16 16:10:56,823 - INFO - Total de arquivos processados: 1
2025-06-16 16:10:56,823 - INFO - Total de linhas antes da concatenação: 5571
2025-06-16 16:10:56,824 - INFO - Total de linhas após concatenação: 5571
2025-06-16 16:10:56,825 - INFO - Removendo duplicatas da tabela Municipios...
2025-06-16 16:10:56,827 - INFO - Total de linhas após remover duplicatas: 5571
2025-06-16 16:10:56,832 - INFO - Arquivo unificado salvo em Output_parquet\municipios_unificado.parquet
2025-06-16 16:10:56,833 - INFO - Tabela Municipios processada com sucesso. Total de registros: 5571
2025-06-16 16:10:56,833 - INFO - 
==================================================
2025-06-16 16:10:56,834 - INFO - Iniciando processamento da tabela: Qualificacoes
2025-06-16 16:10:56,834 - INFO - Arquivos encontrados: 1
2025-06-16 16:10:56,835 - INFO - Unificando arquivos da tabela Qualificacoes...
2025-06-16 16:10:56,835 - INFO - Processando Input/dados_parquet\Qualificacoes_QUALSCSV.parquet...
2025-06-16 16:10:56,838 - INFO - Arquivo Input/dados_parquet\Qualificacoes_QUALSCSV.parquet processado com sucesso. Linhas: 67
2025-06-16 16:10:56,838 - INFO - Total de arquivos processados: 1
2025-06-16 16:10:56,839 - INFO - Total de linhas antes da concatenação: 67
2025-06-16 16:10:56,839 - INFO - Total de linhas após concatenação: 67
2025-06-16 16:10:56,839 - INFO - Removendo duplicatas da tabela Qualificacoes...
2025-06-16 16:10:56,840 - INFO - Total de linhas após remover duplicatas: 67
2025-06-16 16:10:56,849 - INFO - Arquivo unificado salvo em Output_parquet\qualificacoes_unificado.parquet
2025-06-16 16:10:56,849 - INFO - Tabela Qualificacoes processada com sucesso. Total de registros: 67
2025-06-16 16:10:56,850 - INFO - 
==================================================
2025-06-16 16:10:56,850 - INFO - Iniciando processamento da tabela: Naturezas
2025-06-16 16:10:56,851 - INFO - Arquivos encontrados: 1
2025-06-16 16:10:56,851 - INFO - Unificando arquivos da tabela Naturezas...
2025-06-16 16:10:56,851 - INFO - Processando Input/dados_parquet\Naturezas_NATJUCSV.parquet...
2025-06-16 16:10:56,854 - INFO - Arquivo Input/dados_parquet\Naturezas_NATJUCSV.parquet processado com sucesso. Linhas: 89
2025-06-16 16:10:56,854 - INFO - Total de arquivos processados: 1
2025-06-16 16:10:56,855 - INFO - Total de linhas antes da concatenação: 89
2025-06-16 16:10:56,855 - INFO - Total de linhas após concatenação: 89
2025-06-16 16:10:56,856 - INFO - Removendo duplicatas da tabela Naturezas...
2025-06-16 16:10:56,857 - INFO - Total de linhas após remover duplicatas: 89
2025-06-16 16:10:56,861 - INFO - Arquivo unificado salvo em Output_parquet\naturezas_unificado.parquet
2025-06-16 16:10:56,861 - INFO - Tabela Naturezas processada com sucesso. Total de registros: 89
2025-06-16 16:10:56,861 - INFO - 
==================================================
2025-06-16 16:10:56,863 - INFO - Iniciando processamento da tabela: Cnaes
2025-06-16 16:10:56,864 - INFO - Arquivos encontrados: 1
2025-06-16 16:10:56,864 - INFO - Unificando arquivos da tabela Cnaes...
2025-06-16 16:10:56,864 - INFO - Processando Input/dados_parquet\Cnaes_CNAECSV.parquet...
2025-06-16 16:10:56,868 - INFO - Arquivo Input/dados_parquet\Cnaes_CNAECSV.parquet processado com sucesso. Linhas: 1358
2025-06-16 16:10:56,868 - INFO - Total de arquivos processados: 1
2025-06-16 16:10:56,869 - INFO - Total de linhas antes da concatenação: 1358
2025-06-16 16:10:56,869 - INFO - Total de linhas após concatenação: 1358
2025-06-16 16:10:56,869 - INFO - Removendo duplicatas da tabela Cnaes...
2025-06-16 16:10:56,870 - INFO - Total de linhas após remover duplicatas: 1358
2025-06-16 16:10:56,874 - INFO - Arquivo unificado salvo em Output_parquet\cnaes_unificado.parquet
2025-06-16 16:10:56,877 - INFO - Tabela Cnaes processada com sucesso. Total de registros: 1358
2025-06-16 16:10:56,877 - INFO - 
==================================================
2025-06-16 16:10:56,878 - INFO - Iniciando processamento da tabela: Motivos
2025-06-16 16:10:56,878 - INFO - Arquivos encontrados: 1
2025-06-16 16:10:56,878 - INFO - Unificando arquivos da tabela Motivos...
2025-06-16 16:10:56,879 - INFO - Processando Input/dados_parquet\Motivos_MOTICSV.parquet...
2025-06-16 16:10:56,881 - INFO - Arquivo Input/dados_parquet\Motivos_MOTICSV.parquet processado com sucesso. Linhas: 62
2025-06-16 16:10:56,882 - INFO - Total de arquivos processados: 1
2025-06-16 16:10:56,882 - INFO - Total de linhas antes da concatenação: 62
2025-06-16 16:10:56,883 - INFO - Total de linhas após concatenação: 62
2025-06-16 16:10:56,883 - INFO - Removendo duplicatas da tabela Motivos...
2025-06-16 16:10:56,884 - INFO - Total de linhas após remover duplicatas: 62
2025-06-16 16:10:56,887 - INFO - Arquivo unificado salvo em Output_parquet\motivos_unificado.parquet
2025-06-16 16:10:56,887 - INFO - Tabela Motivos processada com sucesso. Total de registros: 62
2025-06-16 16:10:56,888 - INFO - 
==================================================
2025-06-16 16:10:56,888 - INFO - Iniciando processamento da tabela: Empresas
2025-06-16 16:10:56,889 - INFO - Arquivos encontrados: 10
2025-06-16 16:10:56,889 - INFO - Unificando arquivos da tabela Empresas...
2025-06-16 16:10:56,890 - INFO - Processando Input/dados_parquet\Empresas0_EMPRECSV.parquet...
2025-06-16 16:10:59,461 - INFO - Arquivo Input/dados_parquet\Empresas0_EMPRECSV.parquet processado com sucesso. Linhas: 22293499
2025-06-16 16:10:59,461 - INFO - Processando Input/dados_parquet\Empresas1_EMPRECSV.parquet...
2025-06-16 16:11:00,359 - INFO - Arquivo Input/dados_parquet\Empresas1_EMPRECSV.parquet processado com sucesso. Linhas: 4494859
2025-06-16 16:11:00,359 - INFO - Processando Input/dados_parquet\Empresas2_EMPRECSV.parquet...
2025-06-16 16:11:01,061 - INFO - Arquivo Input/dados_parquet\Empresas2_EMPRECSV.parquet processado com sucesso. Linhas: 4494859
2025-06-16 16:11:01,061 - INFO - Processando Input/dados_parquet\Empresas3_EMPRECSV.parquet...
2025-06-16 16:11:01,980 - INFO - Arquivo Input/dados_parquet\Empresas3_EMPRECSV.parquet processado com sucesso. Linhas: 4494859
2025-06-16 16:11:01,980 - INFO - Processando Input/dados_parquet\Empresas4_EMPRECSV.parquet...
2025-06-16 16:11:02,863 - INFO - Arquivo Input/dados_parquet\Empresas4_EMPRECSV.parquet processado com sucesso. Linhas: 4494859
2025-06-16 16:11:02,863 - INFO - Processando Input/dados_parquet\Empresas5_EMPRECSV.parquet...
2025-06-16 16:11:03,697 - INFO - Arquivo Input/dados_parquet\Empresas5_EMPRECSV.parquet processado com sucesso. Linhas: 4494859
2025-06-16 16:11:03,698 - INFO - Processando Input/dados_parquet\Empresas6_EMPRECSV.parquet...
2025-06-16 16:11:04,599 - INFO - Arquivo Input/dados_parquet\Empresas6_EMPRECSV.parquet processado com sucesso. Linhas: 4494859
2025-06-16 16:11:04,599 - INFO - Processando Input/dados_parquet\Empresas7_EMPRECSV.parquet...
2025-06-16 16:11:05,445 - INFO - Arquivo Input/dados_parquet\Empresas7_EMPRECSV.parquet processado com sucesso. Linhas: 4494859
2025-06-16 16:11:05,445 - INFO - Processando Input/dados_parquet\Empresas8_EMPRECSV.parquet...
2025-06-16 16:11:06,311 - INFO - Arquivo Input/dados_parquet\Empresas8_EMPRECSV.parquet processado com sucesso. Linhas: 4494859
2025-06-16 16:11:06,312 - INFO - Processando Input/dados_parquet\Empresas9_EMPRECSV.parquet...
2025-06-16 16:11:07,051 - INFO - Arquivo Input/dados_parquet\Empresas9_EMPRECSV.parquet processado com sucesso. Linhas: 4494859
2025-06-16 16:11:07,051 - INFO - Total de arquivos processados: 10
2025-06-16 16:11:07,051 - INFO - Total de linhas antes da concatenação: 62747230
2025-06-16 16:11:07,051 - INFO - Total de linhas após concatenação: 62747230
2025-06-16 16:11:07,051 - INFO - Removendo duplicatas da tabela Empresas...
