2025-06-16 10:02:29,963 - INFO - VPN conectada - Host Oracle acessível
2025-06-16 10:02:29,963 - INFO - Tentando conectar ao Oracle (tentativa 1/3)
2025-06-16 10:02:31,180 - INFO - Conexão Oracle estabelecida com sucesso
2025-06-16 10:02:31,180 - INFO - Carregando dados de treino do LogComex...
2025-06-16 10:02:41,796 - INFO - Dados de treino carregados: 6870 registros
2025-06-16 10:02:41,812 - INFO - Pré-processando dados...
2025-06-16 10:02:41,836 - INFO - Codificando e vetorizando variáveis...
2025-06-16 10:02:42,646 - INFO - Distribuição das classes após clustering: {0: 6566, 1: 3, 2: 16, 3: 7, 4: 49, 5: 3, 6: 218, 7: 5, 8: 3}
2025-06-16 10:02:42,646 - INFO - Treinando modelo XGBoost...
2025-06-16 10:02:42,646 - INFO - Distribuição das classes: {0: 6566, 1: 3, 2: 16, 3: 7, 4: 49, 5: 3, 6: 218, 7: 5, 8: 3}
2025-06-16 10:02:44,170 - INFO - Acurácia Treino: 99.91%
2025-06-16 10:02:44,170 - INFO - Acurácia Teste: 98.84%
2025-06-16 10:02:51,779 - INFO - Cross-validation scores: 99.26% (+/- 0.56%)
2025-06-16 10:02:51,779 - INFO - 
Relatório de Classificação:
2025-06-16 10:02:51,799 - INFO -               precision    recall  f1-score   support

           0       1.00      1.00      1.00      1314
           1       1.00      0.50      0.67         2
           2       1.00      0.67      0.80         3
           3       0.17      0.50      0.25         2
           4       0.77      1.00      0.87        10
           5       1.00      0.50      0.67         2
           6       0.86      0.86      0.86        36
           7       1.00      1.00      1.00         2
           8       0.00      0.00      0.00         3

    accuracy                           0.99      1374
   macro avg       0.75      0.67      0.68      1374
weighted avg       0.99      0.99      0.99      1374

2025-06-16 10:02:51,801 - INFO - Salvando componentes do modelo...
2025-06-16 10:02:51,850 - INFO - Componentes do modelo salvos com sucesso
2025-06-16 10:02:51,879 - INFO - Salvando resultados no banco de dados...
2025-06-16 10:02:52,047 - INFO - Resultados salvos com sucesso no banco de dados
2025-06-16 10:02:52,047 - INFO - Processo concluído com sucesso!
