2025-06-13 16:50:06,816 - INFO - VPN conectada - Host Oracle acessível
2025-06-13 16:50:06,816 - INFO - VPN conectada - Host Oracle acessível
2025-06-13 16:50:06,816 - INFO - Tentando conectar ao Oracle (tentativa 1/3)
2025-06-13 16:50:07,026 - INFO - Conexão Oracle estabelecida com sucesso
2025-06-13 16:50:07,026 - INFO - Carregando dados de treino do LogComex...
2025-06-13 16:50:08,701 - INFO - Dados de treino carregados: 6870 registros
2025-06-13 16:50:08,716 - INFO - Preparando dados para treinamento...
2025-06-13 16:50:08,758 - INFO - Iniciando treinamento do modelo...
2025-06-13 16:50:49,581 - INFO - Acurácia do modelo: 51.53%
2025-06-13 16:50:49,586 - INFO - VPN conectada - Host Oracle acessível
2025-06-13 16:50:49,586 - INFO - Tentando conectar ao Oracle (tentativa 1/3)
2025-06-13 16:50:49,916 - INFO - Conexão Oracle estabelecida com sucesso
2025-06-13 16:50:49,916 - INFO - Carregando dados de importação...
2025-06-13 16:50:51,356 - INFO - Dados de importação carregados: 6870 registros
2025-06-13 16:50:51,374 - INFO - Preparando dados para predição...
2025-06-13 16:50:51,409 - INFO - Realizando predições...
2025-06-13 16:50:55,061 - INFO - Enriquecendo dados com informações cadastrais...
2025-06-13 16:55:33,162 - INFO - Total de registros cadastrais: 62985930
2025-06-13 16:55:33,291 - INFO - Processando chunk 1 de 630
2025-06-13 16:55:34,950 - INFO - Processando chunk 2 de 630
2025-06-13 16:55:36,625 - INFO - Processando chunk 3 de 630
2025-06-13 16:55:38,639 - INFO - Processando chunk 4 de 630
2025-06-13 16:55:40,558 - INFO - Processando chunk 5 de 630
2025-06-13 16:55:42,655 - INFO - Processando chunk 6 de 630
2025-06-13 16:55:45,039 - INFO - Processando chunk 7 de 630
2025-06-13 16:55:47,453 - INFO - Processando chunk 8 de 630
2025-06-13 16:55:50,262 - INFO - Processando chunk 9 de 630
2025-06-13 16:55:53,496 - INFO - Processando chunk 10 de 630
2025-06-13 16:55:56,765 - INFO - Processando chunk 11 de 630
2025-06-13 16:56:00,647 - INFO - Processando chunk 12 de 630
2025-06-13 16:56:03,953 - INFO - Processando chunk 13 de 630
2025-06-13 16:56:07,344 - INFO - Processando chunk 14 de 630
2025-06-13 16:56:10,941 - INFO - Processando chunk 15 de 630
2025-06-13 16:56:14,426 - INFO - Processando chunk 16 de 630
2025-06-13 16:56:18,066 - INFO - Processando chunk 17 de 630
2025-06-13 16:56:21,965 - INFO - Processando chunk 18 de 630
2025-06-13 16:56:26,203 - INFO - Processando chunk 19 de 630
2025-06-13 16:56:30,510 - INFO - Processando chunk 20 de 630
2025-06-13 16:56:34,917 - INFO - Processando chunk 21 de 630
2025-06-13 16:56:39,416 - INFO - Processando chunk 22 de 630
2025-06-13 16:56:44,143 - INFO - Processando chunk 23 de 630
2025-06-13 16:56:48,770 - INFO - Processando chunk 24 de 630
2025-06-13 16:56:53,737 - INFO - Processando chunk 25 de 630
2025-06-13 16:56:59,880 - INFO - Processando chunk 26 de 630
2025-06-13 16:57:05,326 - INFO - Processando chunk 27 de 630
2025-06-13 16:57:11,131 - INFO - Processando chunk 28 de 630
2025-06-13 16:57:17,051 - INFO - Processando chunk 29 de 630
2025-06-13 16:57:23,586 - INFO - Processando chunk 30 de 630
2025-06-13 16:57:29,849 - INFO - Processando chunk 31 de 630
2025-06-13 16:57:35,774 - INFO - Processando chunk 32 de 630
2025-06-13 16:57:41,790 - INFO - Processando chunk 33 de 630
2025-06-13 16:57:47,905 - INFO - Processando chunk 34 de 630
2025-06-13 16:57:54,377 - INFO - Processando chunk 35 de 630
2025-06-13 16:58:00,838 - INFO - Processando chunk 36 de 630
2025-06-13 16:58:07,965 - INFO - Processando chunk 37 de 630
2025-06-13 16:58:14,894 - INFO - Processando chunk 38 de 630
2025-06-13 16:58:21,946 - INFO - Processando chunk 39 de 630
2025-06-13 16:58:29,021 - INFO - Processando chunk 40 de 630
2025-06-13 16:58:36,392 - INFO - Processando chunk 41 de 630
2025-06-13 16:58:43,977 - INFO - Processando chunk 42 de 630
2025-06-13 16:58:51,480 - INFO - Processando chunk 43 de 630
2025-06-13 16:58:59,021 - INFO - Processando chunk 44 de 630
2025-06-13 16:59:07,118 - INFO - Processando chunk 45 de 630
2025-06-13 16:59:14,882 - INFO - Processando chunk 46 de 630
2025-06-13 16:59:23,177 - INFO - Processando chunk 47 de 630
2025-06-13 16:59:32,035 - INFO - Processando chunk 48 de 630
2025-06-13 16:59:40,387 - INFO - Processando chunk 49 de 630
2025-06-13 16:59:48,625 - INFO - Processando chunk 50 de 630
2025-06-13 16:59:57,169 - INFO - Processando chunk 51 de 630
2025-06-13 17:00:05,698 - INFO - Processando chunk 52 de 630
2025-06-13 17:00:14,707 - INFO - Processando chunk 53 de 630
2025-06-13 17:00:23,504 - INFO - Processando chunk 54 de 630
2025-06-13 17:00:32,371 - INFO - Processando chunk 55 de 630
2025-06-13 17:00:41,458 - INFO - Processando chunk 56 de 630
2025-06-13 17:00:52,331 - INFO - Processando chunk 57 de 630
2025-06-13 17:01:01,847 - INFO - Processando chunk 58 de 630
2025-06-13 17:01:11,565 - INFO - Processando chunk 59 de 630
2025-06-13 17:01:21,084 - INFO - Processando chunk 60 de 630
2025-06-13 17:01:34,452 - INFO - Processando chunk 61 de 630
2025-06-13 17:01:51,579 - INFO - Processando chunk 62 de 630
2025-06-13 17:02:13,439 - INFO - Processando chunk 63 de 630
2025-06-13 17:02:43,414 - INFO - Processando chunk 64 de 630
2025-06-13 17:03:01,673 - INFO - Processando chunk 65 de 630
2025-06-13 17:03:17,129 - INFO - Processando chunk 66 de 630
2025-06-13 17:03:31,725 - INFO - Processando chunk 67 de 630
2025-06-13 17:03:43,038 - INFO - Processando chunk 68 de 630
2025-06-13 17:03:55,959 - INFO - Processando chunk 69 de 630
2025-06-13 17:04:08,978 - INFO - Processando chunk 70 de 630
2025-06-13 17:04:22,789 - INFO - Processando chunk 71 de 630
2025-06-13 17:04:34,340 - ERROR - Erro ao processar chunk 71: Must have equal len keys and value when setting with an iterable
2025-06-13 17:04:34,341 - INFO - Processando chunk 72 de 630
2025-06-13 17:04:46,628 - INFO - Processando chunk 73 de 630
2025-06-13 17:05:00,594 - INFO - Processando chunk 74 de 630
2025-06-13 17:05:13,976 - INFO - Processando chunk 75 de 630
2025-06-13 17:05:26,659 - INFO - Processando chunk 76 de 630
2025-06-13 17:05:39,528 - INFO - Processando chunk 77 de 630
2025-06-13 17:05:52,423 - INFO - Processando chunk 78 de 630
2025-06-13 17:06:05,434 - INFO - Processando chunk 79 de 630
2025-06-13 17:06:18,965 - INFO - Processando chunk 80 de 630
2025-06-13 17:06:32,546 - INFO - Processando chunk 81 de 630
2025-06-13 17:06:45,701 - INFO - Processando chunk 82 de 630
2025-06-13 17:07:00,759 - INFO - Processando chunk 83 de 630
2025-06-13 17:07:15,191 - INFO - Processando chunk 84 de 630
2025-06-13 17:07:30,818 - INFO - Processando chunk 85 de 630
2025-06-13 17:07:46,055 - INFO - Processando chunk 86 de 630
2025-06-13 17:08:01,463 - INFO - Processando chunk 87 de 630
2025-06-13 17:08:15,955 - INFO - Processando chunk 88 de 630
2025-06-13 17:08:31,376 - INFO - Processando chunk 89 de 630
2025-06-13 17:08:45,955 - INFO - Processando chunk 90 de 630
2025-06-13 17:09:00,004 - INFO - Processando chunk 91 de 630
2025-06-13 17:09:15,835 - INFO - Processando chunk 92 de 630
2025-06-13 17:09:31,904 - INFO - Processando chunk 93 de 630
2025-06-13 17:09:48,080 - INFO - Processando chunk 94 de 630
2025-06-13 17:10:08,253 - INFO - Processando chunk 95 de 630
2025-06-13 17:10:29,604 - INFO - Processando chunk 96 de 630
2025-06-13 17:12:32,196 - INFO - Processando chunk 97 de 630
2025-06-13 17:13:10,513 - INFO - Processando chunk 98 de 630
2025-06-13 17:13:27,674 - INFO - Processando chunk 99 de 630
2025-06-13 17:13:42,799 - INFO - Processando chunk 100 de 630
2025-06-13 17:13:57,344 - INFO - Processando chunk 101 de 630
2025-06-13 17:14:14,810 - INFO - Processando chunk 102 de 630
2025-06-13 17:14:29,876 - INFO - Processando chunk 103 de 630
2025-06-13 17:14:45,324 - INFO - Processando chunk 104 de 630
2025-06-13 17:15:01,712 - INFO - Processando chunk 105 de 630
2025-06-13 17:15:25,534 - INFO - Processando chunk 106 de 630
2025-06-13 17:15:54,355 - INFO - Processando chunk 107 de 630
2025-06-13 17:16:38,591 - INFO - Processando chunk 108 de 630
2025-06-13 17:17:01,459 - INFO - Processando chunk 109 de 630
2025-06-13 17:17:21,306 - INFO - Processando chunk 110 de 630
2025-06-13 17:17:39,882 - INFO - Processando chunk 111 de 630
2025-06-13 17:18:01,285 - INFO - Processando chunk 112 de 630
2025-06-13 17:18:18,828 - INFO - Processando chunk 113 de 630
2025-06-13 17:18:44,505 - INFO - Processando chunk 114 de 630
2025-06-13 17:19:10,119 - INFO - Processando chunk 115 de 630
2025-06-13 17:19:29,898 - INFO - Processando chunk 116 de 630
2025-06-13 17:19:49,548 - INFO - Processando chunk 117 de 630
2025-06-13 17:20:08,311 - INFO - Processando chunk 118 de 630
2025-06-13 17:20:27,408 - INFO - Processando chunk 119 de 630
2025-06-13 17:20:46,900 - INFO - Processando chunk 120 de 630
2025-06-13 17:21:06,406 - INFO - Processando chunk 121 de 630
2025-06-13 17:21:25,576 - INFO - Processando chunk 122 de 630
2025-06-13 17:21:45,064 - INFO - Processando chunk 123 de 630
2025-06-13 17:22:05,389 - INFO - Processando chunk 124 de 630
2025-06-13 17:22:26,053 - INFO - Processando chunk 125 de 630
2025-06-13 17:22:46,201 - INFO - Processando chunk 126 de 630
2025-06-13 17:23:06,056 - INFO - Processando chunk 127 de 630
2025-06-13 17:23:26,765 - INFO - Processando chunk 128 de 630
2025-06-13 17:23:48,956 - INFO - Processando chunk 129 de 630
2025-06-13 17:24:09,793 - INFO - Processando chunk 130 de 630
2025-06-13 17:24:30,384 - INFO - Processando chunk 131 de 630
2025-06-13 17:24:51,031 - INFO - Processando chunk 132 de 630
2025-06-13 17:25:12,080 - INFO - Processando chunk 133 de 630
2025-06-13 17:25:33,388 - INFO - Processando chunk 134 de 630
2025-06-13 17:25:54,996 - INFO - Processando chunk 135 de 630
2025-06-13 17:26:16,690 - INFO - Processando chunk 136 de 630
2025-06-13 17:26:38,228 - INFO - Processando chunk 137 de 630
2025-06-13 17:27:01,933 - INFO - Processando chunk 138 de 630
2025-06-13 17:27:23,974 - INFO - Processando chunk 139 de 630
2025-06-13 17:27:46,028 - INFO - Processando chunk 140 de 630
2025-06-13 17:28:08,865 - INFO - Processando chunk 141 de 630
2025-06-13 17:28:30,931 - INFO - Processando chunk 142 de 630
2025-06-13 17:28:53,559 - INFO - Processando chunk 143 de 630
2025-06-13 17:29:15,849 - INFO - Processando chunk 144 de 630
2025-06-13 17:29:38,453 - INFO - Processando chunk 145 de 630
2025-06-13 17:30:01,896 - INFO - Processando chunk 146 de 630
2025-06-13 17:30:30,187 - INFO - Processando chunk 147 de 630
2025-06-13 17:30:53,652 - INFO - Processando chunk 148 de 630
2025-06-13 17:31:19,959 - INFO - Processando chunk 149 de 630
2025-06-13 17:31:52,449 - INFO - Processando chunk 150 de 630
2025-06-13 17:32:20,339 - INFO - Processando chunk 151 de 630
2025-06-13 17:32:45,480 - INFO - Processando chunk 152 de 630
2025-06-13 17:33:10,447 - INFO - Processando chunk 153 de 630
2025-06-13 17:33:42,785 - INFO - Processando chunk 154 de 630
2025-06-13 17:34:09,332 - INFO - Processando chunk 155 de 630
2025-06-13 17:34:33,278 - INFO - Processando chunk 156 de 630
2025-06-13 17:34:56,919 - INFO - Processando chunk 157 de 630
2025-06-13 17:35:21,346 - INFO - Processando chunk 158 de 630
2025-06-13 17:35:45,707 - INFO - Processando chunk 159 de 630
2025-06-13 17:36:18,428 - INFO - Processando chunk 160 de 630
2025-06-13 17:36:44,733 - INFO - Processando chunk 161 de 630
2025-06-13 17:37:11,009 - INFO - Processando chunk 162 de 630
2025-06-13 17:37:37,631 - INFO - Processando chunk 163 de 630
2025-06-13 17:38:05,184 - INFO - Processando chunk 164 de 630
2025-06-13 17:38:31,507 - INFO - Processando chunk 165 de 630
2025-06-13 17:38:57,594 - INFO - Processando chunk 166 de 630
2025-06-13 17:39:24,404 - INFO - Processando chunk 167 de 630
2025-06-13 17:39:53,384 - INFO - Processando chunk 168 de 630
2025-06-13 17:40:19,909 - INFO - Processando chunk 169 de 630
2025-06-13 17:40:46,020 - INFO - Processando chunk 170 de 630
2025-06-13 17:41:14,842 - INFO - Processando chunk 171 de 630
2025-06-13 17:41:40,783 - INFO - Processando chunk 172 de 630
2025-06-13 17:42:09,631 - INFO - Processando chunk 173 de 630
2025-06-13 17:42:36,060 - INFO - Processando chunk 174 de 630
2025-06-13 17:43:02,525 - INFO - Processando chunk 175 de 630
2025-06-13 17:43:29,544 - INFO - Processando chunk 176 de 630
2025-06-13 17:43:56,669 - INFO - Processando chunk 177 de 630
2025-06-13 17:44:24,255 - INFO - Processando chunk 178 de 630
2025-06-13 17:44:53,182 - INFO - Processando chunk 179 de 630
2025-06-13 17:45:23,153 - INFO - Processando chunk 180 de 630
2025-06-13 17:45:52,792 - INFO - Processando chunk 181 de 630
2025-06-13 17:46:21,219 - INFO - Processando chunk 182 de 630
2025-06-13 17:46:48,492 - INFO - Processando chunk 183 de 630
2025-06-13 17:47:16,523 - INFO - Processando chunk 184 de 630
2025-06-13 17:47:44,191 - INFO - Processando chunk 185 de 630
2025-06-13 17:48:12,222 - INFO - Processando chunk 186 de 630
2025-06-13 17:48:40,483 - INFO - Processando chunk 187 de 630
2025-06-13 17:49:09,150 - INFO - Processando chunk 188 de 630
2025-06-13 17:49:37,814 - INFO - Processando chunk 189 de 630
2025-06-13 17:50:06,551 - INFO - Processando chunk 190 de 630
2025-06-13 17:50:34,730 - INFO - Processando chunk 191 de 630
2025-06-13 17:51:03,517 - INFO - Processando chunk 192 de 630
2025-06-13 17:51:32,722 - INFO - Processando chunk 193 de 630
2025-06-13 17:52:02,817 - INFO - Processando chunk 194 de 630
2025-06-13 17:52:32,451 - INFO - Processando chunk 195 de 630
2025-06-13 17:53:01,994 - ERROR - Erro ao processar chunk 195: Must have equal len keys and value when setting with an iterable
2025-06-13 17:53:01,994 - INFO - Processando chunk 196 de 630
2025-06-13 17:53:32,118 - INFO - Processando chunk 197 de 630
2025-06-13 17:54:02,892 - INFO - Processando chunk 198 de 630
2025-06-13 17:54:33,231 - INFO - Processando chunk 199 de 630
2025-06-13 17:55:03,406 - INFO - Processando chunk 200 de 630
2025-06-13 17:55:33,666 - INFO - Processando chunk 201 de 630
2025-06-13 17:56:04,295 - INFO - Processando chunk 202 de 630
2025-06-13 17:56:34,750 - INFO - Processando chunk 203 de 630
2025-06-13 17:57:07,091 - INFO - Processando chunk 204 de 630
2025-06-13 17:57:40,080 - INFO - Processando chunk 205 de 630
2025-06-13 17:58:13,865 - INFO - Processando chunk 206 de 630
2025-06-13 17:58:47,426 - INFO - Processando chunk 207 de 630
2025-06-13 17:59:19,211 - INFO - Processando chunk 208 de 630
2025-06-13 17:59:51,635 - INFO - Processando chunk 209 de 630
2025-06-13 18:00:23,991 - INFO - Processando chunk 210 de 630
2025-06-13 18:00:56,264 - INFO - Processando chunk 211 de 630
2025-06-13 18:01:28,816 - INFO - Processando chunk 212 de 630
2025-06-13 18:02:01,425 - INFO - Processando chunk 213 de 630
2025-06-13 18:02:34,466 - INFO - Processando chunk 214 de 630
2025-06-13 18:03:07,924 - INFO - Processando chunk 215 de 630
2025-06-13 18:03:41,245 - INFO - Processando chunk 216 de 630
2025-06-13 18:04:15,500 - INFO - Processando chunk 217 de 630
2025-06-13 18:04:48,433 - INFO - Processando chunk 218 de 630
2025-06-13 18:05:22,284 - INFO - Processando chunk 219 de 630
2025-06-13 18:05:56,619 - INFO - Processando chunk 220 de 630
2025-06-13 18:06:31,408 - INFO - Processando chunk 221 de 630
2025-06-13 18:07:05,815 - INFO - Processando chunk 222 de 630
2025-06-13 18:07:40,443 - INFO - Processando chunk 223 de 630
2025-06-13 18:08:16,253 - INFO - Processando chunk 224 de 630
2025-06-13 18:08:51,963 - INFO - Processando chunk 225 de 630
2025-06-13 18:09:27,340 - INFO - Processando chunk 226 de 630
2025-06-13 18:10:04,448 - INFO - Processando chunk 227 de 630
2025-06-13 18:10:39,518 - INFO - Processando chunk 228 de 630
2025-06-13 18:11:16,051 - INFO - Processando chunk 229 de 630
2025-06-13 18:11:56,209 - INFO - Processando chunk 230 de 630
2025-06-13 18:12:44,466 - INFO - Processando chunk 231 de 630
2025-06-13 18:13:26,624 - INFO - Processando chunk 232 de 630
2025-06-13 18:14:03,205 - INFO - Processando chunk 233 de 630
2025-06-13 18:14:39,396 - ERROR - Erro ao processar chunk 233: Must have equal len keys and value when setting with an iterable
2025-06-13 18:14:39,397 - INFO - Processando chunk 234 de 630
2025-06-13 18:15:17,079 - INFO - Processando chunk 235 de 630
2025-06-13 18:15:53,957 - INFO - Processando chunk 236 de 630
2025-06-13 18:16:31,524 - INFO - Processando chunk 237 de 630
2025-06-13 18:17:08,536 - INFO - Processando chunk 238 de 630
2025-06-13 18:17:45,916 - INFO - Processando chunk 239 de 630
2025-06-13 18:18:26,082 - INFO - Processando chunk 240 de 630
2025-06-13 18:19:04,207 - INFO - Processando chunk 241 de 630
2025-06-13 18:19:42,975 - INFO - Processando chunk 242 de 630
2025-06-13 18:20:21,078 - INFO - Processando chunk 243 de 630
2025-06-13 18:20:59,236 - INFO - Processando chunk 244 de 630
2025-06-13 18:21:37,764 - INFO - Processando chunk 245 de 630
2025-06-13 18:22:17,395 - INFO - Processando chunk 246 de 630
2025-06-13 18:22:56,278 - INFO - Processando chunk 247 de 630
2025-06-13 18:23:35,217 - INFO - Processando chunk 248 de 630
2025-06-13 18:24:15,272 - INFO - Processando chunk 249 de 630
2025-06-13 18:24:54,362 - INFO - Processando chunk 250 de 630
2025-06-13 18:25:33,323 - INFO - Processando chunk 251 de 630
2025-06-13 18:26:13,105 - INFO - Processando chunk 252 de 630
2025-06-13 18:26:53,148 - INFO - Processando chunk 253 de 630
2025-06-13 18:27:34,121 - INFO - Processando chunk 254 de 630
2025-06-13 18:28:14,599 - INFO - Processando chunk 255 de 630
2025-06-13 18:28:54,984 - INFO - Processando chunk 256 de 630
2025-06-13 18:29:35,522 - INFO - Processando chunk 257 de 630
2025-06-13 18:30:16,923 - INFO - Processando chunk 258 de 630
2025-06-13 18:30:57,600 - INFO - Processando chunk 259 de 630
2025-06-13 18:31:38,430 - INFO - Processando chunk 260 de 630
2025-06-13 18:32:20,192 - INFO - Processando chunk 261 de 630
2025-06-13 18:33:01,524 - INFO - Processando chunk 262 de 630
2025-06-13 18:33:43,479 - INFO - Processando chunk 263 de 630
2025-06-13 18:34:25,336 - INFO - Processando chunk 264 de 630
2025-06-13 18:35:07,201 - INFO - Processando chunk 265 de 630
2025-06-13 18:35:49,172 - INFO - Processando chunk 266 de 630
2025-06-13 18:36:37,956 - INFO - Processando chunk 267 de 630
2025-06-13 18:37:22,079 - INFO - Processando chunk 268 de 630
2025-06-13 18:38:05,232 - INFO - Processando chunk 269 de 630
2025-06-13 18:38:49,394 - INFO - Processando chunk 270 de 630
2025-06-13 18:39:34,896 - INFO - Processando chunk 271 de 630
2025-06-13 18:40:18,433 - INFO - Processando chunk 272 de 630
2025-06-13 18:41:01,781 - INFO - Processando chunk 273 de 630
2025-06-13 18:41:45,803 - INFO - Processando chunk 274 de 630
2025-06-13 18:42:33,178 - INFO - Processando chunk 275 de 630
2025-06-13 18:43:18,348 - INFO - Processando chunk 276 de 630
2025-06-13 18:44:03,648 - INFO - Processando chunk 277 de 630
2025-06-13 18:44:47,723 - INFO - Processando chunk 278 de 630
2025-06-13 18:45:32,226 - INFO - Processando chunk 279 de 630
2025-06-13 18:46:18,269 - INFO - Processando chunk 280 de 630
2025-06-13 18:47:03,399 - INFO - Processando chunk 281 de 630
2025-06-13 18:47:48,926 - INFO - Processando chunk 282 de 630
2025-06-13 18:48:35,000 - INFO - Processando chunk 283 de 630
2025-06-13 18:49:31,666 - INFO - Processando chunk 284 de 630
2025-06-13 18:50:18,572 - INFO - Processando chunk 285 de 630
2025-06-13 18:51:04,672 - INFO - Processando chunk 286 de 630
2025-06-13 18:51:51,177 - INFO - Processando chunk 287 de 630
2025-06-13 18:52:37,803 - INFO - Processando chunk 288 de 630
2025-06-13 18:53:24,140 - INFO - Processando chunk 289 de 630
2025-06-13 18:54:11,157 - INFO - Processando chunk 290 de 630
2025-06-13 18:54:57,992 - INFO - Processando chunk 291 de 630
2025-06-13 18:55:44,575 - INFO - Processando chunk 292 de 630
2025-06-13 18:56:32,077 - INFO - Processando chunk 293 de 630
2025-06-13 18:57:21,208 - INFO - Processando chunk 294 de 630
2025-06-13 18:58:08,733 - INFO - Processando chunk 295 de 630
2025-06-13 18:58:56,506 - INFO - Processando chunk 296 de 630
2025-06-13 18:59:44,312 - INFO - Processando chunk 297 de 630
2025-06-13 19:00:32,464 - INFO - Processando chunk 298 de 630
2025-06-13 19:01:20,948 - INFO - Processando chunk 299 de 630
2025-06-13 19:02:12,814 - INFO - Processando chunk 300 de 630
2025-06-13 19:03:02,697 - INFO - Processando chunk 301 de 630
2025-06-13 19:03:55,630 - INFO - Processando chunk 302 de 630
2025-06-13 19:04:47,376 - INFO - Processando chunk 303 de 630
2025-06-13 19:05:37,150 - INFO - Processando chunk 304 de 630
2025-06-13 19:06:27,056 - INFO - Processando chunk 305 de 630
2025-06-13 19:07:17,846 - INFO - Processando chunk 306 de 630
2025-06-13 19:08:07,800 - INFO - Processando chunk 307 de 630
2025-06-13 19:08:59,373 - INFO - Processando chunk 308 de 630
2025-06-13 19:09:51,951 - INFO - Processando chunk 309 de 630
2025-06-13 19:10:42,951 - INFO - Processando chunk 310 de 630
2025-06-13 19:11:34,425 - INFO - Processando chunk 311 de 630
2025-06-13 19:12:30,103 - INFO - Processando chunk 312 de 630
2025-06-13 19:13:21,911 - INFO - Processando chunk 313 de 630
2025-06-13 19:14:13,430 - INFO - Processando chunk 314 de 630
2025-06-13 19:15:05,120 - INFO - Processando chunk 315 de 630
2025-06-13 19:15:56,845 - INFO - Processando chunk 316 de 630
2025-06-13 19:16:48,651 - INFO - Processando chunk 317 de 630
2025-06-13 19:17:41,219 - INFO - Processando chunk 318 de 630
2025-06-13 19:18:33,677 - INFO - Processando chunk 319 de 630
2025-06-13 19:19:26,407 - INFO - Processando chunk 320 de 630
2025-06-13 19:20:19,245 - INFO - Processando chunk 321 de 630
2025-06-13 19:21:11,886 - INFO - Processando chunk 322 de 630
2025-06-13 19:22:04,525 - INFO - Processando chunk 323 de 630
2025-06-13 19:22:57,661 - INFO - Processando chunk 324 de 630
2025-06-13 19:23:50,607 - INFO - Processando chunk 325 de 630
2025-06-13 19:24:44,515 - INFO - Processando chunk 326 de 630
2025-06-13 19:25:37,976 - INFO - Processando chunk 327 de 630
2025-06-13 19:26:31,676 - INFO - Processando chunk 328 de 630
2025-06-13 19:27:27,121 - INFO - Processando chunk 329 de 630
2025-06-13 19:28:21,249 - INFO - Processando chunk 330 de 630
2025-06-13 19:29:15,204 - INFO - Processando chunk 331 de 630
2025-06-13 19:30:10,138 - INFO - Processando chunk 332 de 630
2025-06-13 19:31:04,888 - INFO - Processando chunk 333 de 630
2025-06-13 19:31:59,938 - INFO - Processando chunk 334 de 630
2025-06-13 19:32:55,611 - INFO - Processando chunk 335 de 630
2025-06-13 19:33:50,711 - INFO - Processando chunk 336 de 630
2025-06-13 19:34:47,095 - INFO - Processando chunk 337 de 630
2025-06-13 19:35:42,816 - INFO - Processando chunk 338 de 630
2025-06-13 19:36:39,147 - INFO - Processando chunk 339 de 630
2025-06-13 19:37:34,894 - INFO - Processando chunk 340 de 630
2025-06-13 19:38:30,957 - INFO - Processando chunk 341 de 630
2025-06-13 19:39:28,004 - INFO - Processando chunk 342 de 630
2025-06-13 19:40:24,134 - INFO - Processando chunk 343 de 630
2025-06-13 19:41:22,038 - INFO - Processando chunk 344 de 630
2025-06-13 19:42:20,904 - INFO - Processando chunk 345 de 630
2025-06-13 19:43:17,862 - INFO - Processando chunk 346 de 630
2025-06-13 19:44:22,668 - INFO - Processando chunk 347 de 630
2025-06-13 19:45:20,517 - INFO - Processando chunk 348 de 630
2025-06-13 19:46:18,591 - INFO - Processando chunk 349 de 630
2025-06-13 19:47:16,008 - INFO - Processando chunk 350 de 630
2025-06-13 19:48:14,321 - INFO - Processando chunk 351 de 630
2025-06-13 19:49:12,627 - INFO - Processando chunk 352 de 630
2025-06-13 19:50:10,911 - INFO - Processando chunk 353 de 630
2025-06-13 19:51:08,829 - INFO - Processando chunk 354 de 630
2025-06-13 19:52:07,308 - INFO - Processando chunk 355 de 630
2025-06-13 19:53:05,978 - INFO - Processando chunk 356 de 630
2025-06-13 19:54:04,784 - INFO - Processando chunk 357 de 630
2025-06-13 19:55:03,811 - INFO - Processando chunk 358 de 630
2025-06-13 19:56:02,743 - INFO - Processando chunk 359 de 630
2025-06-13 19:57:05,402 - INFO - Processando chunk 360 de 630
2025-06-13 19:58:05,331 - INFO - Processando chunk 361 de 630
2025-06-13 19:59:05,283 - INFO - Processando chunk 362 de 630
2025-06-13 20:00:05,067 - INFO - Processando chunk 363 de 630
2025-06-13 20:01:04,446 - INFO - Processando chunk 364 de 630
2025-06-13 20:02:06,100 - INFO - Processando chunk 365 de 630
2025-06-13 20:03:07,508 - INFO - Processando chunk 366 de 630
2025-06-13 20:04:08,122 - INFO - Processando chunk 367 de 630
