2025-06-15 18:54:39,956 - INFO - VPN conectada - Host Oracle acessível
2025-06-15 18:54:39,957 - INFO - Tentando conectar ao Oracle (tentativa 1/3)
2025-06-15 18:54:40,258 - INFO - Conexão Oracle estabelecida com sucesso
2025-06-15 18:54:40,259 - INFO - Carregando dados de treino do LogComex...
2025-06-15 18:54:42,384 - INFO - Dados de treino carregados: 6870 registros
2025-06-15 18:54:42,384 - INFO - Pré-processando dados...
2025-06-15 18:54:42,476 - INFO - Codificando e vetorizando variáveis...
2025-06-15 18:54:43,553 - INFO - Distribuição das classes após clustering: {0: 6566, 1: 3, 2: 16, 3: 7, 4: 49, 5: 3, 6: 218, 7: 5, 8: 3}
2025-06-15 18:54:43,553 - INFO - Treinando modelo XGBoost...
2025-06-15 18:54:43,553 - INFO - Distribuição das classes: {0: 6566, 1: 3, 2: 16, 3: 7, 4: 49, 5: 3, 6: 218, 7: 5, 8: 3}
2025-06-15 18:54:45,105 - INFO - Acurácia Treino: 99.91%
2025-06-15 18:54:45,105 - INFO - Acurácia Teste: 98.84%
2025-06-15 18:54:53,921 - INFO - Cross-validation scores: 99.26% (+/- 0.56%)
2025-06-15 18:54:53,936 - INFO - 
Relatório de Classificação:
2025-06-15 18:54:53,951 - INFO -               precision    recall  f1-score   support

           0       1.00      1.00      1.00      1314
           1       1.00      0.50      0.67         2
           2       1.00      0.67      0.80         3
           3       0.17      0.50      0.25         2
           4       0.77      1.00      0.87        10
           5       1.00      0.50      0.67         2
           6       0.86      0.86      0.86        36
           7       1.00      1.00      1.00         2
           8       0.00      0.00      0.00         3

    accuracy                           0.99      1374
   macro avg       0.75      0.67      0.68      1374
weighted avg       0.99      0.99      0.99      1374

2025-06-15 18:54:53,953 - INFO - Salvando componentes do modelo...
2025-06-15 18:54:53,994 - ERROR - Erro no processo principal: [Errno 28] No space left on device
